<?xml version="1.0" encoding="UTF-8"?>
<!-- Generated by org.testng.reporters.JUnitXMLReporter -->
<testsuite ignored="3" hostname="Confiz-6340" failures="0" tests="1" name="Default test" time="34.613" errors="0" timestamp="2022-12-14T15:05:04 PKT">
  <testcase classname="tests.SanityTests" name="customerAccountLogin" time="19.474"/>
  <testcase classname="tests.SanityTests" name="technicianAccountLogin" time="0.0">
    <ignored/>
  </testcase> <!-- technicianAccountLogin -->
  <testcase classname="tests.SanityTests" name="getTechnicianByTechCode" time="0.0">
    <ignored/>
  </testcase> <!-- getTechnicianByTechCode -->
  <testcase classname="tests.SanityTests" name="viewNewsletter" time="0.0">
    <ignored/>
  </testcase> <!-- viewNewsletter -->
</testsuite> <!-- Default test -->
