<?xml version="1.0" encoding="UTF-8"?>
<testng-results ignored="3" total="4" passed="1" failed="0" skipped="0">
  <reporter-output>
  </reporter-output>
  <suite started-at="2022-12-14T15:04:29 PKT" name="Default suite" finished-at="2022-12-14T15:05:04 PKT" duration-ms="34613">
    <groups>
    </groups>
    <test started-at="2022-12-14T15:04:29 PKT" name="Default test" finished-at="2022-12-14T15:05:04 PKT" duration-ms="34613">
      <class name="tests.SanityTests">
        <test-method is-config="true" signature="initTests()[pri:0, instance:tests.SanityTests@614ca7df]" started-at="2022-12-14T15:04:29 PKT" name="initTests" finished-at="2022-12-14T15:04:44 PKT" duration-ms="15000" status="PASS">
          <reporter-output>
          </reporter-output>
        </test-method> <!-- initTests -->
        <test-method signature="customerAccountLogin()[pri:2, instance:tests.SanityTests@614ca7df]" started-at="2022-12-14T15:04:44 PKT" name="customerAccountLogin" finished-at="2022-12-14T15:05:04 PKT" duration-ms="19474" status="PASS">
          <reporter-output>
          </reporter-output>
        </test-method> <!-- customerAccountLogin -->
        <test-method is-config="true" signature="tearDown()[pri:0, instance:tests.SanityTests@614ca7df]" started-at="2022-12-14T15:05:04 PKT" name="tearDown" finished-at="2022-12-14T15:05:04 PKT" duration-ms="119" status="PASS">
          <reporter-output>
          </reporter-output>
        </test-method> <!-- tearDown -->
      </class> <!-- tests.SanityTests -->
    </test> <!-- Default test -->
  </suite> <!-- Default suite -->
</testng-results>
